<?xml version="1.0" encoding="UTF-8"?>
<testsuite name="pt.up.fe.ldts.frogger.LivesTest" tests="4" skipped="0" failures="0" errors="0" timestamp="2022-01-30T03:55:06" hostname="ISABEL-PC" time="1.333">
  <properties/>
  <testcase name="NewGameLivesTest()" classname="pt.up.fe.ldts.frogger.LivesTest" time="0.074"/>
  <testcase name="LostTheGame()" classname="pt.up.fe.ldts.frogger.LivesTest" time="1.109"/>
  <testcase name="LostOneLife()" classname="pt.up.fe.ldts.frogger.LivesTest" time="0.08"/>
  <testcase name="LostTwoLives()" classname="pt.up.fe.ldts.frogger.LivesTest" time="0.068"/>
  <system-out><![CDATA[YOU WERE HIT BY A CAR
YOU WERE HIT BY A CAR
YOU WERE HIT BY A CAR
YOU WERE HIT BY A CAR
YOU WERE HIT BY A CAR
YOU WERE HIT BY A CAR
]]></system-out>
  <system-err><![CDATA[]]></system-err>
</testsuite>
