<?xml version="1.0" encoding="UTF-8"?>
<testsuite name="pt.up.fe.ldts.frogger.DrawElementsTest" tests="7" skipped="0" failures="0" errors="0" timestamp="2022-01-30T03:55:05" hostname="ISABEL-PC" time="0.263">
  <properties/>
  <testcase name="drawFrogTest()" classname="pt.up.fe.ldts.frogger.DrawElementsTest" time="0.133"/>
  <testcase name="drawTreeTrunkTest()" classname="pt.up.fe.ldts.frogger.DrawElementsTest" time="0.004"/>
  <testcase name="drawGrassTest()" classname="pt.up.fe.ldts.frogger.DrawElementsTest" time="0.036"/>
  <testcase name="drawCarTest()" classname="pt.up.fe.ldts.frogger.DrawElementsTest" time="0.012"/>
  <testcase name="drawWaterTest()" classname="pt.up.fe.ldts.frogger.DrawElementsTest" time="0.033"/>
  <testcase name="drawSideWalkTest()" classname="pt.up.fe.ldts.frogger.DrawElementsTest" time="0.033"/>
  <testcase name="drawTurtleTest()" classname="pt.up.fe.ldts.frogger.DrawElementsTest" time="0.005"/>
  <system-out><![CDATA[]]></system-out>
  <system-err><![CDATA[]]></system-err>
</testsuite>
