<?xml version="1.0" encoding="UTF-8"?>
<testsuite name="pt.up.fe.ldts.frogger.StateTest" tests="10" skipped="0" failures="0" errors="0" timestamp="2022-01-30T03:55:09" hostname="ISABEL-PC" time="3.467">
  <properties/>
  <testcase name="fromGameToLose()" classname="pt.up.fe.ldts.frogger.StateTest" time="0.266"/>
  <testcase name="fromGameToMenu()" classname="pt.up.fe.ldts.frogger.StateTest" time="0.386"/>
  <testcase name="WinStateTest()" classname="pt.up.fe.ldts.frogger.StateTest" time="0.418"/>
  <testcase name="fromGameToWin()" classname="pt.up.fe.ldts.frogger.StateTest" time="0.432"/>
  <testcase name="GameStateTest()" classname="pt.up.fe.ldts.frogger.StateTest" time="0.06"/>
  <testcase name="fromLoseToMenu()" classname="pt.up.fe.ldts.frogger.StateTest" time="0.364"/>
  <testcase name="fromMenuToGame()" classname="pt.up.fe.ldts.frogger.StateTest" time="0.478"/>
  <testcase name="fromWinToMenu()" classname="pt.up.fe.ldts.frogger.StateTest" time="0.338"/>
  <testcase name="MenuStateTest()" classname="pt.up.fe.ldts.frogger.StateTest" time="0.397"/>
  <testcase name="LoseStateTest()" classname="pt.up.fe.ldts.frogger.StateTest" time="0.32"/>
  <system-out><![CDATA[]]></system-out>
  <system-err><![CDATA[]]></system-err>
</testsuite>
