<?xml version="1.0" encoding="UTF-8"?>
<testsuite name="pt.up.fe.ldts.frogger.MovableElementsFactoryTest" tests="4" skipped="0" failures="0" errors="0" timestamp="2022-01-30T03:55:07" hostname="ISABEL-PC" time="0.009">
  <properties/>
  <testcase name="createFrogFactory()" classname="pt.up.fe.ldts.frogger.MovableElementsFactoryTest" time="0.001"/>
  <testcase name="createTurtleFactory()" classname="pt.up.fe.ldts.frogger.MovableElementsFactoryTest" time="0.001"/>
  <testcase name="createTreeTrunkFactory()" classname="pt.up.fe.ldts.frogger.MovableElementsFactoryTest" time="0.001"/>
  <testcase name="createCarFactory()" classname="pt.up.fe.ldts.frogger.MovableElementsFactoryTest" time="0.002"/>
  <system-out><![CDATA[]]></system-out>
  <system-err><![CDATA[]]></system-err>
</testsuite>
